[    0.000000] Linux version 4.15.0-175-generic (buildd@lcy02-amd64-034) (gcc version 7.5.0 (Ubuntu 7.5.0-3ubuntu1~18.04)) #184-Ubuntu SMP Thu Mar 24 17:48:36 UTC 2022 (Ubuntu 4.15.0-175.184-generic 4.15.18)
[    0.000000] Command line: BOOT_IMAGE=/boot/vmlinuz-4.15.0-175-generic root=LABEL=cloudimg-rootfs ro console=tty1 console=ttyS0
[    0.000000] KERNEL supported cpus:
[    0.000000]   Intel GenuineIntel
[    0.000000]   AMD AuthenticAMD
[    0.000000]   Centaur CentaurHauls
[    0.000000] x86/fpu: Supporting XSAVE feature 0x001: 'x87 floating point registers'
[    0.000000] x86/fpu: Supporting XSAVE feature 0x002: 'SSE registers'
[    0.000000] x86/fpu: Supporting XSAVE feature 0x004: 'AVX registers'
[    0.000000] x86/fpu: xstate_offset[2]:  576, xstate_sizes[2]:  256
[    0.000000] x86/fpu: Enabled xstate features 0x7, context size is 832 bytes, using 'standard' format.
[    0.000000] e820: BIOS-provided physical RAM map:
[    0.000000] BIOS-e820: [mem 0x0000000000000000-0x000000000009fbff] usable
[    0.000000] BIOS-e820: [mem 0x000000000009fc00-0x000000000009ffff] reserved
[    0.000000] BIOS-e820: [mem 0x00000000000f0000-0x00000000000fffff] reserved
[    0.000000] BIOS-e820: [mem 0x0000000000100000-0x000000007ffeffff] usable
[    0.000000] BIOS-e820: [mem 0x000000007fff0000-0x000000007fffffff] ACPI data
[    0.000000] BIOS-e820: [mem 0x00000000fec00000-0x00000000fec00fff] reserved
[    0.000000] BIOS-e820: [mem 0x00000000fee00000-0x00000000fee00fff] reserved
[    0.000000] BIOS-e820: [mem 0x00000000fffc0000-0x00000000ffffffff] reserved
[    0.000000] NX (Execute Disable) protection: active
[    0.000000] SMBIOS 2.5 present.
[    0.000000] DMI: innotek GmbH VirtualBox/VirtualBox, BIOS VirtualBox 12/01/2006
[    0.000000] Hypervisor detected: KVM
[    0.000000] e820: last_pfn = 0x7fff0 max_arch_pfn = 0x400000000
[    0.000000] MTRR: Disabled
[    0.000000] x86/PAT: MTRRs disabled, skipping PAT initialization too.
[    0.000000] CPU MTRRs all blank - virtualized system.
[    0.000000] x86/PAT: Configuration [0-7]: WB  WT  UC- UC  WB  WT  UC- UC  
[    0.000000] found SMP MP-table at [mem 0x0009fff0-0x0009ffff]
[    0.000000] Scanning 1 areas for low memory corruption
[    0.000000] RAMDISK: [mem 0x359cb000-0x36cdcfff]
[    0.000000] ACPI: Early table checksum verification disabled
[    0.000000] ACPI: RSDP 0x00000000000E0000 000024 (v02 VBOX  )
[    0.000000] ACPI: XSDT 0x000000007FFF0030 00003C (v01 VBOX   VBOXXSDT 00000001 ASL  00000061)
[    0.000000] ACPI: FACP 0x000000007FFF00F0 0000F4 (v04 VBOX   VBOXFACP 00000001 ASL  00000061)
[    0.000000] ACPI: DSDT 0x000000007FFF0470 002325 (v02 VBOX   VBOXBIOS 00000002 INTL 20120111)
[    0.000000] ACPI: FACS 0x000000007FFF0200 000040
[    0.000000] ACPI: FACS 0x000000007FFF0200 000040
[    0.000000] ACPI: APIC 0x000000007FFF0240 00005C (v02 VBOX   VBOXAPIC 00000001 ASL  00000061)
[    0.000000] ACPI: SSDT 0x000000007FFF02A0 0001CC (v01 VBOX   VBOXCPUT 00000002 INTL 20120111)
[    0.000000] ACPI: Reserving FACP table memory at [mem 0x7fff00f0-0x7fff01e3]
[    0.000000] ACPI: Reserving DSDT table memory at [mem 0x7fff0470-0x7fff2794]
[    0.000000] ACPI: Reserving FACS table memory at [mem 0x7fff0200-0x7fff023f]
[    0.000000] ACPI: Reserving FACS table memory at [mem 0x7fff0200-0x7fff023f]
[    0.000000] ACPI: Reserving APIC table memory at [mem 0x7fff0240-0x7fff029b]
[    0.000000] ACPI: Reserving SSDT table memory at [mem 0x7fff02a0-0x7fff046b]
[    0.000000] No NUMA configuration found
[    0.000000] Faking a node at [mem 0x0000000000000000-0x000000007ffeffff]
[    0.000000] NODE_DATA(0) allocated [mem 0x7ffc5000-0x7ffeffff]
[    0.000000] kvm-clock: cpu 0, msr 0:7ff44001, primary cpu clock
[    0.000000] kvm-clock: Using msrs 4b564d01 and 4b564d00
[    0.000000] kvm-clock: using sched offset of 3662331358 cycles
[    0.000000] clocksource: kvm-clock: mask: 0xffffffffffffffff max_cycles: 0x1cd42e4dffb, max_idle_ns: 881590591483 ns
[    0.000000] Zone ranges:
[    0.000000]   DMA      [mem 0x0000000000001000-0x0000000000ffffff]
[    0.000000]   DMA32    [mem 0x0000000001000000-0x000000007ffeffff]
[    0.000000]   Normal   empty
[    0.000000]   Device   empty
[    0.000000] Movable zone start for each node
[    0.000000] Early memory node ranges
[    0.000000]   node   0: [mem 0x0000000000001000-0x000000000009efff]
[    0.000000]   node   0: [mem 0x0000000000100000-0x000000007ffeffff]
[    0.000000] Reserved but unavailable: 104 pages
[    0.000000] Initmem setup node 0 [mem 0x0000000000001000-0x000000007ffeffff]
[    0.000000] ACPI: PM-Timer IO Port: 0x4008
[    0.000000] IOAPIC[0]: apic_id 2, version 32, address 0xfec00000, GSI 0-23
[    0.000000] ACPI: INT_SRC_OVR (bus 0 bus_irq 0 global_irq 2 dfl dfl)
[    0.000000] ACPI: INT_SRC_OVR (bus 0 bus_irq 9 global_irq 9 low level)
[    0.000000] Using ACPI (MADT) for SMP configuration information
[    0.000000] smpboot: Allowing 2 CPUs, 0 hotplug CPUs
[    0.000000] PM: Registered nosave memory: [mem 0x00000000-0x00000fff]
[    0.000000] PM: Registered nosave memory: [mem 0x0009f000-0x0009ffff]
[    0.000000] PM: Registered nosave memory: [mem 0x000a0000-0x000effff]
[    0.000000] PM: Registered nosave memory: [mem 0x000f0000-0x000fffff]
[    0.000000] e820: [mem 0x80000000-0xfebfffff] available for PCI devices
[    0.000000] Booting paravirtualized kernel on KVM
[    0.000000] clocksource: refined-jiffies: mask: 0xffffffff max_cycles: 0xffffffff, max_idle_ns: 7645519600211568 ns
[    0.000000] random: get_random_bytes called from start_kernel+0x99/0x500 with crng_init=0
[    0.000000] setup_percpu: NR_CPUS:8192 nr_cpumask_bits:2 nr_cpu_ids:2 nr_node_ids:1
[    0.000000] percpu: Embedded 50 pages/cpu s167936 r8192 d28672 u1048576
[    0.000000] PV qspinlock hash table entries: 256 (order: 0, 4096 bytes)
[    0.000000] Built 1 zonelists, mobility grouping on.  Total pages: 515961
[    0.000000] Policy zone: DMA32
[    0.000000] Kernel command line: BOOT_IMAGE=/boot/vmlinuz-4.15.0-175-generic root=LABEL=cloudimg-rootfs ro console=tty1 console=ttyS0
[    0.000000] Memory: 2014840K/2096696K available (12300K kernel code, 2484K rwdata, 4324K rodata, 2468K init, 2724K bss, 81856K reserved, 0K cma-reserved)
[    0.000000] SLUB: HWalign=64, Order=0-3, MinObjects=0, CPUs=2, Nodes=1
[    0.000000] Kernel/User page tables isolation: enabled
[    0.000000] ftrace: allocating 39503 entries in 155 pages
[    0.004000] Hierarchical RCU implementation.
[    0.004000] 	RCU restricting CPUs from NR_CPUS=8192 to nr_cpu_ids=2.
[    0.004000] 	Tasks RCU enabled.
[    0.004000] RCU: Adjusting geometry for rcu_fanout_leaf=16, nr_cpu_ids=2
[    0.004000] NR_IRQS: 524544, nr_irqs: 440, preallocated irqs: 16
[    0.004000] Console: colour VGA+ 80x25
[    0.004000] console [tty1] enabled
[    0.004000] console [ttyS0] enabled
[    0.004000] ACPI: Core revision 20170831
[    0.004000] ACPI: 2 ACPI AML tables successfully acquired and loaded
[    0.004000] APIC: Switch to symmetric I/O mode setup
[    0.004000] x2apic enabled
[    0.004000] Switched APIC routing to physical x2apic.
[    0.004000] ..TIMER: vector=0x30 apic1=0 pin1=2 apic2=-1 pin2=-1
[    0.004004] tsc: Detected 2904.000 MHz processor
[    0.005316] Calibrating delay loop (skipped) preset value.. 5808.00 BogoMIPS (lpj=11616000)
[    0.005437] pid_max: default: 32768 minimum: 301
[    0.008036] Security Framework initialized
[    0.008827] Yama: becoming mindful.
[    0.009492] AppArmor: AppArmor initialized
[    0.012200] Dentry cache hash table entries: 262144 (order: 9, 2097152 bytes)
[    0.016049] Inode-cache hash table entries: 131072 (order: 8, 1048576 bytes)
[    0.017286] Mount-cache hash table entries: 4096 (order: 3, 32768 bytes)
[    0.018429] Mountpoint-cache hash table entries: 4096 (order: 3, 32768 bytes)
[    0.019977] Last level iTLB entries: 4KB 64, 2MB 8, 4MB 8
[    0.020005] Last level dTLB entries: 4KB 64, 2MB 0, 4MB 0, 1GB 4
[    0.021367] Spectre V1 : Mitigation: usercopy/swapgs barriers and __user pointer sanitization
[    0.024003] Spectre V2 : Mitigation: Retpolines
[    0.024838] Spectre V2 : Spectre v2 / SpectreRSB mitigation: Filling RSB on context switch
[    0.026197] Speculative Store Bypass: Vulnerable
[    0.027037] SRBDS: Unknown: Dependent on hypervisor status
[    0.028001] MDS: Mitigation: Clear CPU buffers
[    0.028937] Freeing SMP alternatives memory: 36K
[    0.140190] smpboot: CPU0: Intel(R) Core(TM) i7-7820HQ CPU @ 2.90GHz (family: 0x6, model: 0x9e, stepping: 0x9)
[    0.142321] Performance Events: unsupported p6 CPU model 158 no PMU driver, software events only.
[    0.144000] Hierarchical SRCU implementation.
[    0.144659] NMI watchdog: Perf event create on CPU 0 failed with -2
[    0.146485] NMI watchdog: Perf NMI watchdog permanently disabled
[    0.148042] smp: Bringing up secondary CPUs ...
[    0.149221] x86: Booting SMP configuration:
[    0.150290] .... node  #0, CPUs:      #1
[    0.004000] kvm-clock: cpu 1, msr 0:7ff44041, secondary cpu clock
[    0.155173] smp: Brought up 1 node, 2 CPUs
[    0.155173] smpboot: Max logical packages: 1
[    0.156004] smpboot: Total of 2 processors activated (11616.00 BogoMIPS)
[    0.157658] devtmpfs: initialized
[    0.157658] x86/mm: Memory block size: 128MB
[    0.160166] evm: security.selinux
[    0.160849] evm: security.SMACK64
[    0.161777] evm: security.SMACK64EXEC
[    0.163116] evm: security.SMACK64TRANSMUTE
[    0.164003] evm: security.SMACK64MMAP
[    0.164688] evm: security.apparmor
[    0.165317] evm: security.ima
[    0.165868] evm: security.capability
[    0.166546] clocksource: jiffies: mask: 0xffffffff max_cycles: 0xffffffff, max_idle_ns: 7645041785100000 ns
[    0.168029] futex hash table entries: 512 (order: 3, 32768 bytes)
[    0.169270] pinctrl core: initialized pinctrl subsystem
[    0.170411] RTC time: 22:20:12, date: 04/17/22
[    0.172172] NET: Registered protocol family 16
[    0.173185] audit: initializing netlink subsys (disabled)
[    0.174665] audit: type=2000 audit(1650234016.631:1): state=initialized audit_enabled=0 res=1
[    0.176008] cpuidle: using governor ladder
[    0.176803] cpuidle: using governor menu
[    0.177645] ACPI: bus type PCI registered
[    0.178568] acpiphp: ACPI Hot Plug PCI Controller Driver version: 0.5
[    0.180087] PCI: Using configuration type 1 for base access
[    0.184037] HugeTLB registered 2.00 MiB page size, pre-allocated 0 pages
[    0.185391] ACPI: Added _OSI(Module Device)
[    0.185391] ACPI: Added _OSI(Processor Device)
[    0.185720] ACPI: Added _OSI(3.0 _SCP Extensions)
[    0.188004] ACPI: Added _OSI(Processor Aggregator Device)
[    0.189006] ACPI: Added _OSI(Linux-Dell-Video)
[    0.189859] ACPI: Added _OSI(Linux-Lenovo-NV-HDMI-Audio)
[    0.191129] ACPI: Added _OSI(Linux-HPI-Hybrid-Graphics)
[    0.192306] ACPI: Executed 1 blocks of module-level executable AML code
[    0.196828] ACPI: Interpreter enabled
[    0.197497] ACPI: (supports S0 S5)
[    0.198265] ACPI: Using IOAPIC for interrupt routing
[    0.199644] PCI: Using host bridge windows from ACPI; if necessary, use "pci=nocrs" and report a bug
[    0.200160] ACPI: Enabled 2 GPEs in block 00 to 07
[    0.207962] ACPI: PCI Root Bridge [PCI0] (domain 0000 [bus 00-ff])
[    0.208007] acpi PNP0A03:00: _OSC: OS supports [ASPM ClockPM Segments MSI]
[    0.209673] acpi PNP0A03:00: _OSC: not requesting OS control; OS requires [ExtendedConfig ASPM ClockPM MSI]
[    0.212012] acpi PNP0A03:00: fail to add MMCONFIG information, can't access extended PCI configuration space under this bridge.
[    0.216331] PCI host bridge to bus 0000:00
[    0.217252] pci_bus 0000:00: root bus resource [io  0x0000-0x0cf7 window]
[    0.218929] pci_bus 0000:00: root bus resource [io  0x0d00-0xffff window]
[    0.220003] pci_bus 0000:00: root bus resource [mem 0x000a0000-0x000bffff window]
[    0.221999] pci_bus 0000:00: root bus resource [mem 0x80000000-0xfdffffff window]
[    0.224002] pci_bus 0000:00: root bus resource [bus 00-ff]
[    0.227330] pci 0000:00:01.1: legacy IDE quirk: reg 0x10: [io  0x01f0-0x01f7]
[    0.228003] pci 0000:00:01.1: legacy IDE quirk: reg 0x14: [io  0x03f6]
[    0.229111] pci 0000:00:01.1: legacy IDE quirk: reg 0x18: [io  0x0170-0x0177]
[    0.230350] pci 0000:00:01.1: legacy IDE quirk: reg 0x1c: [io  0x0376]
[    0.249676] pci 0000:00:07.0: quirk: [io  0x4000-0x403f] claimed by PIIX4 ACPI
[    0.251205] pci 0000:00:07.0: quirk: [io  0x4100-0x410f] claimed by PIIX4 SMB
[    0.259042] ACPI: PCI Interrupt Link [LNKA] (IRQs 5 9 10 *11)
[    0.260263] ACPI: PCI Interrupt Link [LNKB] (IRQs 5 9 *10 11)
[    0.261364] ACPI: PCI Interrupt Link [LNKC] (IRQs 5 *9 10 11)
[    0.264070] ACPI: PCI Interrupt Link [LNKD] (IRQs 5 9 10 *11)
[    0.265540] SCSI subsystem initialized
[    0.266345] pci 0000:00:02.0: vgaarb: setting as boot VGA device
[    0.266345] pci 0000:00:02.0: vgaarb: VGA device added: decodes=io+mem,owns=io+mem,locks=none
[    0.268004] pci 0000:00:02.0: vgaarb: bridge control possible
[    0.268963] vgaarb: loaded
[    0.269481] ACPI: bus type USB registered
[    0.270227] usbcore: registered new interface driver usbfs
[    0.272008] usbcore: registered new interface driver hub
[    0.272928] usbcore: registered new device driver usb
[    0.273857] EDAC MC: Ver: 3.0.0
[    0.273857] PCI: Using ACPI for IRQ routing
[    0.276258] NetLabel: Initializing
[    0.276869] NetLabel:  domain hash size = 128
[    0.277620] NetLabel:  protocols = UNLABELED CIPSOv4 CALIPSO
[    0.278590] NetLabel:  unlabeled traffic allowed by default
[    0.280076] clocksource: Switched to clocksource kvm-clock
[    0.290992] VFS: Disk quotas dquot_6.6.0
[    0.291758] VFS: Dquot-cache hash table entries: 512 (order 0, 4096 bytes)
[    0.293209] AppArmor: AppArmor Filesystem Enabled
[    0.294059] pnp: PnP ACPI init
[    0.296246] pnp: PnP ACPI: found 3 devices
[    0.306280] clocksource: acpi_pm: mask: 0xffffff max_cycles: 0xffffff, max_idle_ns: 2085701024 ns
[    0.308380] NET: Registered protocol family 2
[    0.309167] IP idents hash table entries: 32768 (order: 6, 262144 bytes)
[    0.310521] TCP established hash table entries: 16384 (order: 5, 131072 bytes)
[    0.312359] TCP bind hash table entries: 16384 (order: 6, 262144 bytes)
[    0.314774] TCP: Hash tables configured (established 16384 bind 16384)
[    0.316586] UDP hash table entries: 1024 (order: 3, 32768 bytes)
[    0.317700] UDP-Lite hash table entries: 1024 (order: 3, 32768 bytes)
[    0.318876] NET: Registered protocol family 1
[    0.319647] pci 0000:00:00.0: Limiting direct PCI/PCI transfers
[    0.320694] pci 0000:00:01.0: Activating ISA DMA hang workarounds
[    0.321766] pci 0000:00:02.0: Video device with shadowed ROM at [mem 0x000c0000-0x000dffff]
[    0.323311] Unpacking initramfs...
[    0.567068] Freeing initrd memory: 19528K
[    0.567990] clocksource: tsc: mask: 0xffffffffffffffff max_cycles: 0x29dc05e54fc, max_idle_ns: 440795291716 ns
[    0.570591] platform rtc_cmos: registered platform RTC device (no PNP device found)
[    0.572099] Scanning for low memory corruption every 60 seconds
[    0.574260] Initialise system trusted keyrings
[    0.575239] Key type blacklist registered
[    0.576285] workingset: timestamp_bits=36 max_order=19 bucket_order=0
[    0.579428] zbud: loaded
[    0.580553] squashfs: version 4.0 (2009/01/31) Phillip Lougher
[    0.582139] fuse init (API version 7.26)
[    0.585385] Key type asymmetric registered
[    0.586139] Asymmetric key parser 'x509' registered
[    0.587082] Block layer SCSI generic (bsg) driver version 0.4 loaded (major 246)
[    0.589083] io scheduler noop registered
[    0.590131] io scheduler deadline registered
[    0.591194] io scheduler cfq registered (default)
[    0.592804] ACPI: AC Adapter [AC] (on-line)
[    0.593876] input: Power Button as /devices/LNXSYSTM:00/LNXPWRBN:00/input/input0
[    0.595535] ACPI: Power Button [PWRF]
[    0.596691] input: Sleep Button as /devices/LNXSYSTM:00/LNXSLPBN:00/input/input1
[    0.598271] ACPI: Sleep Button [SLPF]
[    0.600397] ACPI: Battery Slot [BAT0] (battery present)
[    0.601472] Serial: 8250/16550 driver, 32 ports, IRQ sharing enabled
[    0.624201] 00:02: ttyS0 at I/O 0x3f8 (irq = 4, base_baud = 115200) is a 16550A
[    0.628766] Linux agpgart interface v0.103
[    0.631255] loop: module loaded
[    0.632438] scsi host0: ata_piix
[    0.633123] scsi host1: ata_piix
[    0.633744] ata1: PATA max UDMA/33 cmd 0x1f0 ctl 0x3f6 bmdma 0xd000 irq 14
[    0.634910] ata2: PATA max UDMA/33 cmd 0x170 ctl 0x376 bmdma 0xd008 irq 15
[    0.636635] tun: Universal TUN/TAP device driver, 1.6
[    0.637663] PPP generic driver version 2.4.2
[    0.638597] ehci_hcd: USB 2.0 'Enhanced' Host Controller (EHCI) Driver
[    0.639709] ehci-pci: EHCI PCI platform driver
[    0.640581] ehci-platform: EHCI generic platform driver
[    0.641595] ohci_hcd: USB 1.1 'Open' Host Controller (OHCI) Driver
[    0.643246] ohci-pci: OHCI PCI platform driver
[    0.644098] ohci-platform: OHCI generic platform driver
[    0.645067] uhci_hcd: USB Universal Host Controller Interface driver
[    0.646161] i8042: PNP: PS/2 Controller [PNP0303:PS2K,PNP0f03:PS2M] at 0x60,0x64 irq 1,12
[    0.647959] serio: i8042 KBD port at 0x60,0x64 irq 1
[    0.648869] serio: i8042 AUX port at 0x60,0x64 irq 12
[    0.649956] mousedev: PS/2 mouse device common for all mice
[    0.651676] rtc_cmos rtc_cmos: rtc core: registered rtc_cmos as rtc0
[    0.653216] input: AT Translated Set 2 keyboard as /devices/platform/i8042/serio0/input/input2
[    0.654978] rtc_cmos rtc_cmos: alarms up to one day, 114 bytes nvram
[    0.656560] i2c /dev entries driver
[    0.657571] device-mapper: uevent: version 1.0.3
[    0.658493] device-mapper: ioctl: 4.37.0-ioctl (2017-09-20) initialised: dm-devel@redhat.com
[    0.660305] ledtrig-cpu: registered to indicate activity on CPUs
[    0.661680] NET: Registered protocol family 10
[    0.666113] Segment Routing with IPv6
[    0.667183] NET: Registered protocol family 17
[    0.668057] Key type dns_resolver registered
[    0.669010] mce: Using 0 MCE banks
[    0.669701] RAS: Correctable Errors collector initialized.
[    0.670765] sched_clock: Marking stable (668985273, 0)->(836159565, -167174292)
[    0.672630] registered taskstats version 1
[    0.673666] Loading compiled-in X.509 certificates
[    0.676400] Loaded X.509 cert 'Build time autogenerated kernel key: ea99b1e66d5186ff77dcfb46de385e3fbd0a569c'
[    0.678450] Loaded X.509 cert 'Canonical Ltd. Live Patch Signing: 14df34d1a87cf37625abec039ef2bf521249b969'
[    0.680508] Loaded X.509 cert 'Canonical Ltd. Kernel Module Signing: 88f752e560a1e0737e31163a466ad7b70a850c19'
[    0.682158] blacklist: Loading compiled-in revocation X.509 certificates
[    0.683434] Loaded X.509 cert 'Canonical Ltd. Secure Boot Signing: 61482aa2830d0ab2ad5af10b7250da9033ddcef0'
[    0.685679] zswap: loaded using pool lzo/zbud
[    0.690050] Key type big_key registered
[    0.691310] Key type trusted registered
[    0.693524] Key type encrypted registered
[    0.694476] AppArmor: AppArmor sha1 policy hashing enabled
[    0.695541] ima: No TPM chip found, activating TPM-bypass! (rc=-19)
[    0.696751] ima: Allocated hash algorithm: sha1
[    0.697772] evm: HMAC attrs: 0x1
[    0.698773]   Magic number: 2:870:350
[    0.699646] rtc_cmos rtc_cmos: setting system clock to 2022-04-17 22:20:12 UTC (1650234012)
[    0.701620] BIOS EDD facility v0.16 2004-Jun-25, 0 devices found
[    0.703011] EDD information not available.
[    1.123740] Freeing unused kernel image memory: 2468K
[    1.136781] Write protecting the kernel read-only data: 20480k
[    1.138989] Freeing unused kernel image memory: 2008K
[    1.140368] Freeing unused kernel image memory: 1820K
[    1.147817] x86/mm: Checked W+X mappings: passed, no W+X pages found.
[    1.149114] x86/mm: Checking user space page tables
[    1.155823] x86/mm: Checked W+X mappings: passed, no W+X pages found.
Loading, please wait...
starting version 237
[    1.211687] Fusion MPT base driver 3.04.20
[    1.212701] Copyright (c) 1999-2008 LSI Corporation
[    1.215914] e1000: Intel(R) PRO/1000 Network Driver - version 7.3.21-k8-NAPI
[    1.217282] e1000: Copyright (c) 1999-2006 Intel Corporation.
[    1.218567] Fusion MPT SPI Host driver 3.04.20
[    1.220501] mptbase: ioc0: Initiating bringup
[    1.238894] AVX2 version of gcm_enc/dec engaged.
[    1.240332] AES CTR mode by8 optimization enabled
[    1.445328] input: ImExPS/2 Generic Explorer Mouse as /devices/platform/i8042/serio1/input/input4
[    1.452426] ioc0: LSI53C1030 A0: Capabilities={Initiator}
[    3.724473] scsi host2: ioc0: LSI53C1030 A0, FwRev=00000000h, Ports=1, MaxQ=256, IRQ=20
[    6.109700] scsi 2:0:0:0: Direct-Access     VBOX     HARDDISK         1.0  PQ: 0 ANSI: 5
[    6.148576] scsi target2:0:0: Beginning Domain Validation
[    6.153016] scsi target2:0:0: Domain Validation skipping write tests
[    6.154485] scsi target2:0:0: Ending Domain Validation
[    6.155685] scsi target2:0:0: asynchronous
[    6.156942] scsi 2:0:1:0: Direct-Access     VBOX     HARDDISK         1.0  PQ: 0 ANSI: 5
[    6.476213] scsi target2:0:1: Beginning Domain Validation
[    6.479263] random: fast init done
[    6.480290] scsi target2:0:1: Domain Validation skipping write tests
[    6.481618] scsi target2:0:1: Ending Domain Validation
[    6.482739] scsi target2:0:1: asynchronous
[    6.486656] sd 2:0:0:0: Attached scsi generic sg0 type 0
[    6.486663] random: systemd-udevd: uninitialized urandom read (16 bytes read)
[    6.489068] random: systemd-udevd: uninitialized urandom read (16 bytes read)
[    6.490363] random: systemd-udevd: uninitialized urandom read (16 bytes read)
[    6.490401] sd 2:0:1:0: Attached scsi generic sg1 type 0
[    6.497074] sd 2:0:0:0: [sda] 83886080 512-byte logical blocks: (42.9 GB/40.0 GiB)
[    6.499909] sd 2:0:0:0: [sda] Write Protect is off
[    6.501063] sd 2:0:1:0: [sdb] 20480 512-byte logical blocks: (10.5 MB/10.0 MiB)
[    6.503353] sd 2:0:0:0: [sda] Incomplete mode parameter data
[    6.504550] sd 2:0:0:0: [sda] Assuming drive cache: write through
[    6.505824] sd 2:0:1:0: [sdb] Write Protect is off
[    6.506901] e1000 0000:00:03.0 eth0: (PCI:33MHz:32-bit) 02:33:ba:03:32:e5
[    6.508140] e1000 0000:00:03.0 eth0: Intel(R) PRO/1000 Network Connection
[    6.509766] sd 2:0:1:0: [sdb] Incomplete mode parameter data
[    6.511496] sd 2:0:1:0: [sdb] Assuming drive cache: write through
[    6.513312]  sda: sda1
[    6.513793] e1000 0000:00:03.0 enp0s3: renamed from eth0
[    6.515685] sd 2:0:0:0: [sda] Attached SCSI disk
[    6.518372] sd 2:0:1:0: [sdb] Attached SCSI disk
Begin: Loading essential drivers ... [    7.916115] raid6: sse2x1   gen() 13027 MB/s
[    7.964045] raid6: sse2x1   xor()  9481 MB/s
[    8.012042] raid6: sse2x2   gen() 14198 MB/s
[    8.060564] raid6: sse2x2   xor() 10386 MB/s
[    8.108550] raid6: sse2x4   gen() 18579 MB/s
[    8.156140] raid6: sse2x4   xor() 11633 MB/s
[    8.204052] raid6: avx2x1   gen() 19569 MB/s
[    8.252109] raid6: avx2x1   xor() 14711 MB/s
[    8.300079] raid6: avx2x2   gen() 25778 MB/s
[    8.348176] raid6: avx2x2   xor() 16333 MB/s
[    8.396090] raid6: avx2x4   gen() 30088 MB/s
[    8.444113] raid6: avx2x4   xor() 19637 MB/s
[    8.445435] raid6: using algorithm avx2x4 gen() 30088 MB/s
[    8.446528] raid6: .... xor() 19637 MB/s, rmw enabled
[    8.447705] raid6: using avx2x2 recovery algorithm
[    8.450176] xor: automatically using best checksumming function   avx       
[    8.453182] async_tx: api initialized (async)
done.
Begin: Running /scripts/init-premount ... done.
Begin: Mounting root file system ... Begin: Running /scripts/local-top ... done.
Begin: Running /scripts/local-premount ... [    8.496557] Btrfs loaded, crc32c=crc32c-intel
Scanning for Btrfs filesystems
done.
Warning: fsck not present, so skipping root file system
[    8.518253] EXT4-fs (sda1): mounted filesystem with ordered data mode. Opts: (null)
done.
Begin: Running /scripts/local-bottom ... done.
Begin: Running /scripts/init-bottom ... done.
[    8.623151] ip_tables: (C) 2000-2006 Netfilter Core Team
[    8.629550] systemd[1]: systemd 237 running in system mode. (+PAM +AUDIT +SELINUX +IMA +APPARMOR +SMACK +SYSVINIT +UTMP +LIBCRYPTSETUP +GCRYPT +GNUTLS +ACL +XZ +LZ4 +SECCOMP +BLKID +ELFUTILS +KMOD -IDN2 +IDN -PCRE2 default-hierarchy=hybrid)
[    8.634096] systemd[1]: Detected virtualization oracle.
[    8.634997] systemd[1]: Detected architecture x86-64.

Welcome to [1mUbuntu 18.04.6 LTS[0m!

[    8.639540] systemd[1]: Set hostname to <ubuntu>.
[    8.641726] systemd[1]: Initializing machine ID from random generator.
[    8.643369] systemd[1]: Installed transient /etc/machine-id file.
[    8.821116] systemd[1]: Reached target Swap.
[[0;32m  OK  [0m] Reached target Swap.
[    8.822536] systemd[1]: Started Forward Password Requests to Wall Directory Watch.
[[0;32m  OK  [0m] Started Forward Password Requests to Wall Directory Watch.
[    8.825949] systemd[1]: Created slice User and Session Slice.
[[0;32m  OK  [0m] Created slice User and Session Slice.
[    8.827941] systemd[1]: Set up automount Arbitrary Executable File Formats File System Automount Point.
[[0;32m  OK  [0m] Set up automount Arbitrary Executab…rmats File System Automount Point.
[[0;32m  OK  [0m] Reached target System Time Synchronized.
[[0;32m  OK  [0m] Created slice System Slice.
[[0;32m  OK  [0m] Listening on Network Service Netlink Socket.
[[0;32m  OK  [0m] Listening on udev Kernel Socket.
[[0;32m  OK  [0m] Listening on /dev/initctl Compatibility Named Pipe.
[[0;32m  OK  [0m] Created slice system-serial\x2dgetty.slice.
[[0;32m  OK  [0m] Listening on Journal Audit Socket.
[[0;32m  OK  [0m] Listening on LVM2 metadata daemon socket.
[[0;32m  OK  [0m] Reached target Slices.
[[0;32m  OK  [0m] Listening on Journal Socket.
         Mounting Huge Pages File System...
         Starting Load Kernel Modules...
         Mounting Kernel Debug File System...
[[0;32m  OK  [0m] Listening on udev Control Socket.
         Starting udev Coldplug all Devices...
[[0;32m  OK  [0m] Listening on fsck to fsckd communication Socket.
         Starting File System Check on Root Device...
[    8.867549] Loading iSCSI transport class v2.0-870.
[[0;32m  OK  [0m] Listening on Device-mapper event daemon FIFOs.
[    8.873197] iscsi: registered transport (tcp)
[[0;32m  OK  [0m] Listening on Journal Socket (/dev/log).
         Starting Create list of required st…ce nodes for the current kernel...
         Starting Uncomplicated firewall...
[[0;32m  OK  [0m] Listening on Syslog Socket.
         Starting Journal Service...
         Starting Set the console keyboard layout...
[    8.928076] iscsi: registered transport (iser)
         Starting Monitoring of LVM2 mirrors…ng dmeventd or progress polling...
[[0;32m  OK  [0m] Listening on LVM2 poll daemon socket.
[[0;32m  OK  [0m] Reached target User and Group Name Lookups.
         Mounting POSIX Message Queue File System...
[[0;32m  OK  [0m] Mounted Huge Pages File System.
[[0;32m  OK  [0m] Started Load Kernel Modules.
[[0;32m  OK  [0m] Mounted Kernel Debug File System.
[[0;32m  OK  [0m] Started Create list of required sta…vice nodes for the current kernel.
[[0;32m  OK  [0m] Started Uncomplicated firewall.
[[0;32m  OK  [0m] Mounted POSIX Message Queue File System.
[[0;32m  OK  [0m] Started File System Check on Root Device.
[[0;32m  OK  [0m] Started Journal Service.
[[0;32m  OK  [0m] Started udev Coldplug all Devices.
[[0;32m  OK  [0m] Started LVM2 metadata daemon.
[[0;32m  OK  [0m] Started File System Check Daemon to report status.
         Starting Remount Root and Kernel File Systems...
         Starting Create Static Device Nodes in /dev...
         Mounting Kernel Configuration File System...
         Starting Apply Kernel Variables...
         Mounting FUSE Control File System...
[[0;32m  OK  [0m] Mounted Kernel Configuration File System.
[[0;32m  OK  [0m] Mounted FUSE Control File System.
[[0;32m  OK  [0m] Started Create Static Device Nodes in /dev.
[    9.053291] EXT4-fs (sda1): re-mounted. Opts: (null)
[[0;32m  OK  [0m] Started Remount Root and Kernel File Systems.
         Starting Flush Journal to Persistent Storage...
         Starting Load/Save Random Seed...
         Starting udev Kernel Device Manager...
[[0;32m  OK  [0m] Started Monitoring of LVM2 mirrors,…sing dmeventd or progress polling.
[[0;32m  OK  [0m] Started Apply Kernel Variables.
[[0;32m  OK  [0m] Started udev Kernel Device Manager.
[[0;32m  OK  [0m] Started Load/Save Random Seed.
[[0;32m  OK  [0m] Started Flush Journal to Persistent Storage.
[[0;32m  OK  [0m] Found device /dev/ttyS0.
[[0;32m  OK  [0m] Listening on Load/Save RF Kill Switch Status /dev/rfkill Watch.
[[0;32m  OK  [0m] Started Set the console keyboard layout.
[[0;32m  OK  [0m] Reached target Local File Systems (Pre).
[[0;32m  OK  [0m] Reached target Local File Systems.
         Starting Tell Plymouth To Write Out Runtime Data...
         Starting Commit a transient machine-id on disk...
         Starting Set console font and keymap...
         Starting Create Volatile Files and Directories...
         Starting AppArmor initialization...
         Starting ebtables ruleset management...
[[0;32m  OK  [0m] Started Dispatch Password Requests to Console Directory Watch.
[[0;32m  OK  [0m] Reached target Local Encrypted Volumes.
[[0;32m  OK  [0m] Started Tell Plymouth To Write Out Runtime Data.
[[0;32m  OK  [0m] Started Commit a transient machine-id on disk.
[[0;32m  OK  [0m] Started Create Volatile Files and Directories.
         Starting Update UTMP about System Boot/Shutdown...
[[0;32m  OK  [0m] Started Update UTMP about System Boot/Shutdown.
[[0;32m  OK  [0m] Started ebtables ruleset management.
[[0;32m  OK  [0m] Started AppArmor initialization.
         Starting Load AppArmor profiles managed internally by snapd...
         Starting Initial cloud-init job (pre-networking)...
[[0;32m  OK  [0m] Started Load AppArmor profiles managed internally by snapd.
[[0;32m  OK  [0m] Started Set console font and keymap.
[   11.537658] cloud-init[875]: Cloud-init v. 22.1-14-g2e17a0d6-0ubuntu1~18.04.3 running 'init-local' at Sun, 17 Apr 2022 22:20:23 +0000. Up 11.27 seconds.
[[0;32m  OK  [0m] Started Initial cloud-init job (pre-networking).
[[0;32m  OK  [0m] Reached target Network (Pre).
         Starting Network Service...
[[0;32m  OK  [0m] Started Network Service.
         Starting Wait for Network to be Configured...
         Starting Network Name Resolution...
[[0;32m  OK  [0m] Started Network Name Resolution.
[[0;32m  OK  [0m] Reached target Host and Network Name Lookups.
[[0;32m  OK  [0m] Reached target Network.
[[0;32m  OK  [0m] Started Wait for Network to be Configured.
         Starting Initial cloud-init job (metadata service crawler)...
[   13.552512] cloud-init[1002]: Cloud-init v. 22.1-14-g2e17a0d6-0ubuntu1~18.04.3 running 'init' at Sun, 17 Apr 2022 22:20:25 +0000. Up 13.38 seconds.
[   13.554224] cloud-init[1002]: ci-info: ++++++++++++++++++++++++++++++++++++++Net device info++++++++++++++++++++++++++++++++++++++
[   13.564457] cloud-init[1002]: ci-info: +--------+------+----------------------------+---------------+--------+-------------------+
[   13.566121] cloud-init[1002]: ci-info: | Device |  Up  |          Address           |      Mask     | Scope  |     Hw-Address    |
[   13.567621] cloud-init[1002]: ci-info: +--------+------+----------------------------+---------------+--------+-------------------+
[   13.568763] cloud-init[1002]: ci-info: | enp0s3 | True |         10.0.2.15          | 255.255.255.0 | global | 02:33:ba:03:32:e5 |
[   13.570144] cloud-init[1002]: ci-info: | enp0s3 | True | fe80::33:baff:fe03:32e5/64 |       .       |  link  | 02:33:ba:03:32:e5 |
[   13.571551] cloud-init[1002]: ci-info: |   lo   | True |         127.0.0.1          |   255.0.0.0   |  host  |         .         |
[   13.573230] cloud-init[1002]: ci-info: |   lo   | True |          ::1/128           |       .       |  host  |         .         |
[   13.574583] cloud-init[1002]: ci-info: +--------+------+----------------------------+---------------+--------+-------------------+
[   13.576481] cloud-init[1002]: ci-info: ++++++++++++++++++++++++++++Route IPv4 info+++++++++++++++++++++++++++++
[   13.588283] cloud-init[1002]: ci-info: +-------+-------------+----------+-----------------+-----------+-------+
[   13.589439] cloud-init[1002]: ci-info: | Route | Destination | Gateway  |     Genmask     | Interface | Flags |
[   13.590679] cloud-init[1002]: ci-info: +-------+-------------+----------+-----------------+-----------+-------+
[   13.600288] cloud-init[1002]: ci-info: |   0   |   0.0.0.0   | 10.0.2.2 |     0.0.0.0     |   enp0s3  |   UG  |
[   13.601539] cloud-init[1002]: ci-info: |   1   |   10.0.2.0  | 0.0.0.0  |  255.255.255.0  |   enp0s3  |   U   |
[   13.603293] cloud-init[1002]: ci-info: |   2   |   10.0.2.2  | 0.0.0.0  | 255.255.255.255 |   enp0s3  |   UH  |
[   13.604996] cloud-init[1002]: ci-info: +-------+-------------+----------+-----------------+-----------+-------+
[   13.607084] cloud-init[1002]: ci-info: +++++++++++++++++++Route IPv6 info+++++++++++++++++++
[   13.608668] cloud-init[1002]: ci-info: +-------+-------------+---------+-----------+-------+
[   13.610088] cloud-init[1002]: ci-info: | Route | Destination | Gateway | Interface | Flags |
[   13.611087] cloud-init[1002]: ci-info: +-------+-------------+---------+-----------+-------+
[   13.612669] cloud-init[1002]: ci-info: |   1   |  fe80::/64  |    ::   |   enp0s3  |   U   |
[   13.614221] cloud-init[1002]: ci-info: |   3   |    local    |    ::   |   enp0s3  |   U   |
[   13.615774] cloud-init[1002]: ci-info: |   4   |   ff00::/8  |    ::   |   enp0s3  |   U   |
[   13.617235] cloud-init[1002]: ci-info: +-------+-------------+---------+-----------+-------+
[   14.299179] cloud-init[1002]: Generating public/private rsa key pair.
[   14.300328] cloud-init[1002]: Your identification has been saved in /etc/ssh/ssh_host_rsa_key.
[   14.302920] cloud-init[1002]: Your public key has been saved in /etc/ssh/ssh_host_rsa_key.pub.
[   14.305284] cloud-init[1002]: The key fingerprint is:
[   14.306606] cloud-init[1002]: SHA256:DtzOuCq3YP7WG/eQWzaASxnaa+K/xs+pJPFEJJNETpk root@ubuntu-bionic
[   14.309095] cloud-init[1002]: The key's randomart image is:
[   14.310557] cloud-init[1002]: +---[RSA 2048]----+
[   14.312532] cloud-init[1002]: |   o*+.          |
[   14.313673] cloud-init[1002]: |   oE+           |
[   14.314710] cloud-init[1002]: |    . o          |
[   14.324983] cloud-init[1002]: |     = =         |
[   14.326629] cloud-init[1002]: |    o O S        |
[   14.328257] cloud-init[1002]: |     = O o       |
[   14.329734] cloud-init[1002]: |  o ooO B +      |
[   14.340344] cloud-init[1002]: | o.oo=+= B .     |
[   14.341519] cloud-init[1002]: |  .===*== .      |
[   14.342807] cloud-init[1002]: +----[SHA256]-----+
[   14.343523] cloud-init[1002]: Generating public/private dsa key pair.
[   14.356620] cloud-init[1002]: Your identification has been saved in /etc/ssh/ssh_host_dsa_key.
[   14.358974] cloud-init[1002]: Your public key has been saved in /etc/ssh/ssh_host_dsa_key.pub.
[   14.360968] cloud-init[1002]: The key fingerprint is:
[   14.372369] cloud-init[1002]: SHA256:lt733BhF493qQ/hrBAMrdEXLNoUA1bjj2pjY79QA2Aw root@ubuntu-bionic
[   14.388488] cloud-init[1002]: The key's randomart image is:
[   14.389262] cloud-init[1002]: +---[DSA 1024]----+
[   14.390321] cloud-init[1002]: |      E .oo*o..  |
[   14.391200] cloud-init[1002]: |       =. +.oo   |
[   14.404577] cloud-init[1002]: |      ..+. +=  ..|
[   14.406340] cloud-init[1002]: |        .o+.o...+|
[   14.416466] cloud-init[1002]: |        So.. + .+|
[   14.417627] cloud-init[1002]: |       o ..o. oo |
[   14.418591] cloud-init[1002]: |       o.=o o+o  |
[   14.422132] cloud-init[1002]: |      . =... +++ |
[   14.432423] cloud-init[1002]: |         oo  .*o.|
[   14.448515] cloud-init[1002]: +----[SHA256]-----+
[   14.450193] cloud-init[1002]: Generating public/private ecdsa key pair.
[   14.460509] cloud-init[1002]: Your identification has been saved in /etc/ssh/ssh_host_ecdsa_key.
[   14.464431] cloud-init[1002]: Your public key has been saved in /etc/ssh/ssh_host_ecdsa_key.pub.
[   14.466727] cloud-init[1002]: The key fingerprint is:
[   14.467292] cloud-init[1002]: SHA256:pqCtZhe1pMSYCt1j2Cpuj/aacDbURfdwszIyWwcfXRY root@ubuntu-bionic
[   14.468711] cloud-init[1002]: The key's randomart image is:
[[0;32m  OK  [0m[   14.480756] ] cloud-initStarted Initial cloud-init job (metadata service crawler).[1002]: 
+---[ECDSA 256]---+
[   14.483429] cloud-init[1002]: |      . + +. .E. |
[   14.483724] cloud-init[1002]: |     . . * +..   |
[[0;32m  OK  [0m] Reached target Network is Online.
[   14.483923] cloud-init[1002]: | . B  + + =      |
[   14.497378] cloud-init[1002]: |. =.B.o= +       |
         Starting Availability of block devices...
[[0;32m  OK  [0m[   14.512306] cloud-init[1002]: |...+o=..S        |
[   14.513197] cloud-init[1002]: |o..oo..o         |
[   14.513673] cloud-init[1002]: |o.= ...          |
[   14.514320] cloud-init[1002]: |.*=o.            |
[   14.514700] cloud-init[1002]: |o*=+             |
] Reached target Remote File Systems (Pre).
[   14.515241] cloud-init[1002]: +----[SHA256]-----+
[   14.516805] cloud-init[1002]: Generating public/private ed25519 key pair.
[   14.517205] cloud-init[1002]: Your identification has been saved in /etc/ssh/ssh_host_ed25519_key.
[   14.517288] cloud-init[1002]: Your public key has been saved in /etc/ssh/ssh_host_ed25519_key.pub.
[   14.517774] cloud-init[1002]: The key fingerprint is:
[   14.518318] cloud-init[1002]: SHA256:pVoAPLeST4cqSp0ATp6yBoi/wNZQ03zx2huwlpLKYoQ root@ubuntu-bionic
[   14.518945] cloud-init[1002]: The key's randomart image is:
[   14.519168] cloud-init[1002]: +--[ED25519 256]--+
[   14.519474] cloud-init[1002]: |   .+  ..        |
[   14.519835] cloud-init[1002]: |.. oo+...        |
[   14.519988] cloud-init[1002]: |B o .+o+ ..      |
[   14.520799] cloud-init[1002]: |**  o =.Bo       |
[   14.521318] cloud-init[1002]: |E+= .B *So       |
[   14.522025] cloud-init[1002]: |+=++o +o  o      |
[   14.522390] cloud-init[1002]: |+= =  .  .       |
[   14.522740] cloud-init[1002]: |o o              |
[   14.523096] cloud-init[1002]: |                 |
[[0;32m  OK  [0m] Reached target Remote File Systems.
[   14.523255] cloud-init[1002]: +----[SHA256]-----+
[[0;32m  OK  [0m] Reached target Cloud-config availability.
[[0;32m  OK  [0m] Reached target System Initialization.
         Starting Socket activation for snappy daemon.
         Starting LXD - unix socket.
[[0;32m  OK  [0m] Started Message of the Day.
[[0;32m  OK  [0m] Started ACPI Events Check.
[[0;32m  OK  [0m] Started Ubuntu Advantage Timer for running repeated jobs.
[[0;32m  OK  [0m] Listening on ACPID Listen Socket.
[[0;32m  OK  [0m] Started Trigger to poll for Ubuntu …(Only enabled on GCP LTS non-pro).
[[0;32m  OK  [0m] Reached target Paths.
[[0;32m  OK  [0m] Listening on D-Bus System Message Bus Socket.
[[0;32m  OK  [0m] Started Daily apt download activities.
[[0;32m  OK  [0m] Started Daily apt upgrade and clean activities.
[[0;32m  OK  [0m] Listening on cloud-init hotplug hook socket.
[[0;32m  OK  [0m] Started Daily Cleanup of Temporary Directories.
[[0;32m  OK  [0m] Started Discard unused blocks once a week.
[[0;32m  OK  [0m] Reached target Timers.
[[0;32m  OK  [0m] Listening on UUID daemon activation socket.
[[0;32m  OK  [0m] Listening on Open-iSCSI iscsid Socket.
[[0;32m  OK  [0m] Started Availability of block devices.
[[0;32m  OK  [0m] Listening on Socket activation for snappy daemon.
[[0;32m  OK  [0m] Listening on LXD - unix socket.
[[0;32m  OK  [0m] Reached target Sockets.
[[0;32m  OK  [0m] Reached target Basic System.
         Starting Virtualbox guest utils...
[[0;32m  OK  [0m] Started Regular background program processing daemon.
         Starting Accounts Service...
[[0;32m  OK  [0m] Started Deferred execution scheduler.
         Starting LXD - container startup/shutdown...
         Starting Permit User Sessions...
         Starting Login Service...
[[0;32m  OK  [0m] Started D-Bus System Message Bus.
[[0;32m  OK  [0m] Started Login Service.
[[0;32m  OK  [0m] Started FUSE filesystem for LXC.
         Starting Pollinate to seed the pseudo random number generator...
         Starting System Logging Service...
         Starting LSB: Record successful boot for GRUB...
         Starting Snap Daemon...
         Starting Dispatcher daemon for systemd-networkd...
[[0;32m  OK  [0m] Started irqbalance daemon.
         Starting LSB: automatic crash report generation...
[[0;32m  OK  [0m] Started Unattended Upgrades Shutdown.
[[0;32m  OK  [0m] Started System Logging Service.
[[0;32m  OK  [0m] Started LXD - container startup/shutdown.
[[0;32m  OK  [0m] Started Permit User Sessions.
         Starting Authorization Manager...
         Starting Terminate Plymouth Boot Screen...
         Starting Hold until boot process finishes up...
[[0;32m  OK  [0m] Started Hold until boot process finishes up.
[[0;32m  OK  [0m] Started Serial Getty on ttyS0.
         Starting Set console scheme...
[[0;32m  OK  [0m] Started Terminate Plymouth Boot Screen.
[[0;32m  OK  [0m] Started Set console scheme.
[[0;32m  OK  [0m] Created slice system-getty.slice.
[[0;32m  OK  [0m] Started Getty on tty1.
[[0;32m  OK  [0m] Reached target Login Prompts.
[[0;32m  OK  [0m] Started LSB: Record successful boot for GRUB.
[[0;32m  OK  [0m] Started LSB: automatic crash report generation.
[[0;32m  OK  [0m] Started Virtualbox guest utils.
[[0;32m  OK  [0m] Started Authorization Manager.
[[0;32m  OK  [0m] Started Accounts Service.
[[0;32m  OK  [0m] Started Dispatcher daemon for systemd-networkd.
[[0;32m  OK  [0m] Started Snap Daemon.
         Starting Wait until snapd is fully seeded...
         Starting Time & Date Service...
[[0;32m  OK  [0m] Started Time & Date Service.
[[0;32m  OK  [0m] Started Pollinate to seed the pseudo random number generator.
         Starting OpenBSD Secure Shell server...
[[0;32m  OK  [0m] Started OpenBSD Secure Shell server.
[[0;32m  OK  [0m] Created slice User Slice of vagrant.
         Starting User Manager for UID 1000...
[[0;32m  OK  [0m] Started Session 1 of user vagrant.
[[0;32m  OK  [0m] Started User Manager for UID 1000.
[[0;32m  OK  [0m] Started Wait until snapd is fully seeded.
[[0;32m  OK  [0m] Reached target Multi-User System.
[[0;32m  OK  [0m] Reached target Graphical Interface.
         Starting Update UTMP about System Runlevel Changes...
         Starting Apply the settings specified in cloud-config...
[[0;32m  OK  [0m] Started Update UTMP about System Runlevel Changes.
[   17.147976] cloud-init[1567]: Cloud-init v. 22.1-14-g2e17a0d6-0ubuntu1~18.04.3 running 'modules:config' at Sun, 17 Apr 2022 22:20:28 +0000. Up 16.65 seconds.
[[0;32m  OK  [0m] Started Apply the settings specified in cloud-config.
         Starting Execute cloud user/final scripts...
ci-info: no authorized SSH keys fingerprints found for user ubuntu.
<14>Apr 17 22:20:29 cloud-init: #############################################################
<14>Apr 17 22:20:29 cloud-init: -----BEGIN SSH HOST KEY FINGERPRINTS-----
<14>Apr 17 22:20:29 cloud-init: 1024 SHA256:lt733BhF493qQ/hrBAMrdEXLNoUA1bjj2pjY79QA2Aw root@ubuntu-bionic (DSA)
<14>Apr 17 22:20:29 cloud-init: 256 SHA256:pqCtZhe1pMSYCt1j2Cpuj/aacDbURfdwszIyWwcfXRY root@ubuntu-bionic (ECDSA)
<14>Apr 17 22:20:29 cloud-init: 256 SHA256:pVoAPLeST4cqSp0ATp6yBoi/wNZQ03zx2huwlpLKYoQ root@ubuntu-bionic (ED25519)
<14>Apr 17 22:20:29 cloud-init: 2048 SHA256:DtzOuCq3YP7WG/eQWzaASxnaa+K/xs+pJPFEJJNETpk root@ubuntu-bionic (RSA)
<14>Apr 17 22:20:29 cloud-init: -----END SSH HOST KEY FINGERPRINTS-----
<14>Apr 17 22:20:29 cloud-init: #############################################################
-----BEGIN SSH HOST KEY KEYS-----
ecdsa-sha2-nistp256 AAAAE2VjZHNhLXNoYTItbmlzdHAyNTYAAAAIbmlzdHAyNTYAAABBBNNA68YJfpH2LJSNZ+qGK3ZaNTHX704ACen8htGF8EbRZBy0tDyXRMEX+faRv3ztPY1NOkupeiDryncDBovfR7Y= root@ubuntu-bionic
ssh-ed25519 AAAAC3NzaC1lZDI1NTE5AAAAIPl6qM2zaSVt3T+5fhLMm6bEjQ0vEri1JSOY8u7/kk6Q root@ubuntu-bionic
ssh-rsa AAAAB3NzaC1yc2EAAAADAQABAAABAQDHtfiVMvi6JSs9xiVm+OBFE6vUNYbq324t9SuxaNoY0nDDnE11rswTXRxmxpELjkpGZ9EaaP+lgX04dymq9aoL+wkhL0zIv+bBe027CfKe1o2B4zTEj5lXjJnXGakX1DEUmCsLbDhW8751Fl/SBGIiO8dZoWvQkH649T9QtLxser7my9/d8Tx60Zc7y3ZaGxk7ijxlF3rHRHeWFBIsQsGJ/d2aX43I0+4Uoui4cXB5+Xgn2kT6LsqAvGLuMbiDOMQBfkIwffhAye/iXNLSVhx9Iv78gOO2lj6rOI6/3M+3gAtLT2DmnErr3LUDT6iWcMm1Zu346lvN7Sqnem1nR+iv root@ubuntu-bionic
-----END SSH HOST KEY KEYS-----
[   17.748826] cloud-init[1687]: Cloud-init v. 22.1-14-g2e17a0d6-0ubuntu1~18.04.3 running 'modules:final' at Sun, 17 Apr 2022 22:20:29 +0000. Up 17.57 seconds.
[   17.760270] cloud-init[1687]: Cloud-init v. 22.1-14-g2e17a0d6-0ubuntu1~18.04.3 finished at Sun, 17 Apr 2022 22:20:29 +0000. Datasource DataSourceNoCloud [seed=/dev/sdb][dsmode=net].  Up 17.74 seconds
[[0;32m  OK  [0m] Started Execute cloud user/final scripts.
[[0;32m  OK  [0m] Reached target Cloud-init target.

Ubuntu 18.04.6 LTS ubuntu-bionic ttyS0

ubuntu-bionic login: 